nohup: ignoring input
Standard Commons Logging discovery in action with spring-jcl: please remove commons-logging.jar from classpath in order to avoid potential conflicts

  .   ____          _            __ _ _
 /\\ / ___'_ __ _ _(_)_ __  __ _ \ \ \ \
( ( )\___ | '_ | '_| | '_ \/ _` | \ \ \ \
 \\/  ___)| |_)| | | | | || (_| |  ) ) ) )
  '  |____| .__|_| |_|_| |_\__, | / / / /
 =========|_|==============|___/=/_/_/_/
 :: Spring Boot ::                (v3.2.2)

2026-06-08T02:53:48.822Z  INFO 18064 --- [educore] [           main] com.educore.EduCoreApplication           : Starting EduCoreApplication v0.0.1-SNAPSHOT using Java 17.0.19 with PID 18064 (/root/mentor-x/backend/target/educore-0.0.1-SNAPSHOT.jar started by root in /root/mentor-x/backend)
2026-06-08T02:53:48.832Z  INFO 18064 --- [educore] [           main] com.educore.EduCoreApplication           : No active profile set, falling back to 1 default profile: "default"
2026-06-08T02:53:52.200Z  INFO 18064 --- [educore] [           main] .s.d.r.c.RepositoryConfigurationDelegate : Bootstrapping Spring Data JPA repositories in DEFAULT mode.
2026-06-08T02:53:52.870Z  INFO 18064 --- [educore] [           main] .s.d.r.c.RepositoryConfigurationDelegate : Finished Spring Data repository scanning in 649 ms. Found 52 JPA repository interfaces.
2026-06-08T02:53:55.142Z  INFO 18064 --- [educore] [           main] o.s.b.w.embedded.tomcat.TomcatWebServer  : Tomcat initialized with port 8081 (http)
2026-06-08T02:53:55.167Z  INFO 18064 --- [educore] [           main] o.apache.catalina.core.StandardService   : Starting service [Tomcat]
2026-06-08T02:53:55.167Z  INFO 18064 --- [educore] [           main] o.apache.catalina.core.StandardEngine    : Starting Servlet engine: [Apache Tomcat/10.1.18]
2026-06-08T02:53:55.402Z  INFO 18064 --- [educore] [           main] o.a.c.c.C.[Tomcat].[localhost].[/]       : Initializing Spring embedded WebApplicationContext
2026-06-08T02:53:55.405Z  INFO 18064 --- [educore] [           main] w.s.c.ServletWebServerApplicationContext : Root WebApplicationContext: initialization completed in 6435 ms
Standard Commons Logging discovery in action with spring-jcl: please remove commons-logging.jar from classpath in order to avoid potential conflicts
2026-06-08T02:53:56.290Z  INFO 18064 --- [educore] [           main] com.educore.security.JwtService          : JwtService initialized — access token TTL: 1800s, refresh TTL: 2592000s
2026-06-08T02:53:58.196Z  INFO 18064 --- [educore] [           main] org.ehcache.core.EhcacheManager          : Cache 'assignments' created in EhcacheManager.
2026-06-08T02:53:58.200Z  INFO 18064 --- [educore] [           main] org.ehcache.core.EhcacheManager          : Cache 'areas' created in EhcacheManager.
2026-06-08T02:53:58.205Z  INFO 18064 --- [educore] [           main] org.ehcache.core.EhcacheManager          : Cache 'courseEnrollments' created in EhcacheManager.
2026-06-08T02:53:58.213Z  INFO 18064 --- [educore] [           main] org.ehcache.core.EhcacheManager          : Cache 'levels_pages' created in EhcacheManager.
2026-06-08T02:53:58.217Z  INFO 18064 --- [educore] [           main] org.ehcache.core.EhcacheManager          : Cache 'lessons_by_session' created in EhcacheManager.
2026-06-08T02:53:58.226Z  INFO 18064 --- [educore] [           main] org.ehcache.core.EhcacheManager          : Cache 'courses_pages' created in EhcacheManager.
2026-06-08T02:53:58.229Z  INFO 18064 --- [educore] [           main] org.ehcache.core.EhcacheManager          : Cache 'banners_active' created in EhcacheManager.
2026-06-08T02:53:58.240Z  INFO 18064 --- [educore] [           main] org.ehcache.core.EhcacheManager          : Cache 'quizzes_by_week' created in EhcacheManager.
2026-06-08T02:53:58.241Z  INFO 18064 --- [educore] [           main] org.ehcache.core.EhcacheManager          : Cache 'leaderboard_quiz' created in EhcacheManager.
2026-06-08T02:53:58.254Z  INFO 18064 --- [educore] [           main] org.ehcache.core.EhcacheManager          : Cache 'sessions' created in EhcacheManager.
2026-06-08T02:53:58.256Z  INFO 18064 --- [educore] [           main] org.ehcache.core.EhcacheManager          : Cache 'banners' created in EhcacheManager.
2026-06-08T02:53:58.257Z  INFO 18064 --- [educore] [           main] org.ehcache.core.EhcacheManager          : Cache 'courseAccess' created in EhcacheManager.
2026-06-08T02:53:58.268Z  INFO 18064 --- [educore] [           main] org.ehcache.core.EhcacheManager          : Cache 'categories_pages' created in EhcacheManager.
2026-06-08T02:53:58.271Z  INFO 18064 --- [educore] [           main] org.ehcache.core.EhcacheManager          : Cache 'lessons' created in EhcacheManager.
2026-06-08T02:53:58.275Z  INFO 18064 --- [educore] [           main] org.ehcache.core.EhcacheManager          : Cache 'sessionAccess' created in EhcacheManager.
2026-06-08T02:53:58.276Z  INFO 18064 --- [educore] [           main] org.ehcache.core.EhcacheManager          : Cache 'orderCache' created in EhcacheManager.
2026-06-08T02:53:58.277Z  INFO 18064 --- [educore] [           main] org.ehcache.core.EhcacheManager          : Cache 'categories' created in EhcacheManager.
2026-06-08T02:53:58.284Z  INFO 18064 --- [educore] [           main] org.ehcache.core.EhcacheManager          : Cache 'materials_pages' created in EhcacheManager.
2026-06-08T02:53:58.286Z  INFO 18064 --- [educore] [           main] org.ehcache.core.EhcacheManager          : Cache 'questions_by_quiz' created in EhcacheManager.
2026-06-08T02:53:58.294Z  INFO 18064 --- [educore] [           main] org.ehcache.core.EhcacheManager          : Cache 'assignments_by_week' created in EhcacheManager.
2026-06-08T02:53:58.297Z  INFO 18064 --- [educore] [           main] org.ehcache.core.EhcacheManager          : Cache 'quizzes' created in EhcacheManager.
2026-06-08T02:53:58.301Z  INFO 18064 --- [educore] [           main] org.ehcache.core.EhcacheManager          : Cache 'levels' created in EhcacheManager.
2026-06-08T02:53:58.303Z  INFO 18064 --- [educore] [           main] org.ehcache.core.EhcacheManager          : Cache 'assignment_questions' created in EhcacheManager.
2026-06-08T02:53:58.304Z  INFO 18064 --- [educore] [           main] org.ehcache.core.EhcacheManager          : Cache 'accessCodeCache' created in EhcacheManager.
2026-06-08T02:53:58.305Z  INFO 18064 --- [educore] [           main] org.ehcache.core.EhcacheManager          : Cache 'questions' created in EhcacheManager.
2026-06-08T02:53:58.311Z  INFO 18064 --- [educore] [           main] org.ehcache.core.EhcacheManager          : Cache 'leaderboard_global' created in EhcacheManager.
2026-06-08T02:53:58.316Z  INFO 18064 --- [educore] [           main] org.ehcache.core.EhcacheManager          : Cache 'leaderboard_course' created in EhcacheManager.
2026-06-08T02:53:58.318Z  INFO 18064 --- [educore] [           main] org.ehcache.core.EhcacheManager          : Cache 'accessibleCourses' created in EhcacheManager.
2026-06-08T02:53:58.324Z  INFO 18064 --- [educore] [           main] org.ehcache.core.EhcacheManager          : Cache 'courses_by_category' created in EhcacheManager.
2026-06-08T02:53:58.325Z  INFO 18064 --- [educore] [           main] org.ehcache.core.EhcacheManager          : Cache 'courses' created in EhcacheManager.
2026-06-08T02:53:58.326Z  INFO 18064 --- [educore] [           main] org.ehcache.core.EhcacheManager          : Cache 'lessons_pages' created in EhcacheManager.
2026-06-08T02:53:58.332Z  INFO 18064 --- [educore] [           main] org.ehcache.core.EhcacheManager          : Cache 'studentEnrollments' created in EhcacheManager.
2026-06-08T02:53:58.333Z  INFO 18064 --- [educore] [           main] org.ehcache.core.EhcacheManager          : Cache 'walletCache' created in EhcacheManager.
2026-06-08T02:53:58.338Z  INFO 18064 --- [educore] [           main] org.ehcache.core.EhcacheManager          : Cache 'materials' created in EhcacheManager.
2026-06-08T02:53:58.342Z  INFO 18064 --- [educore] [           main] org.ehcache.core.EhcacheManager          : Cache 'weekAccess' created in EhcacheManager.
2026-06-08T02:53:58.344Z  INFO 18064 --- [educore] [           main] org.ehcache.core.EhcacheManager          : Cache 'announcements' created in EhcacheManager.
2026-06-08T02:53:58.349Z  INFO 18064 --- [educore] [           main] org.ehcache.core.EhcacheManager          : Cache 'walletTxCache' created in EhcacheManager.
2026-06-08T02:53:58.350Z  INFO 18064 --- [educore] [           main] org.ehcache.core.EhcacheManager          : Cache 'paymentCache' created in EhcacheManager.
2026-06-08T02:53:58.351Z  INFO 18064 --- [educore] [           main] org.ehcache.core.EhcacheManager          : Cache 'governorates' created in EhcacheManager.
2026-06-08T02:53:58.352Z  INFO 18064 --- [educore] [           main] org.ehcache.core.EhcacheManager          : Cache 'assignment_questions_by_assignment' created in EhcacheManager.
2026-06-08T02:53:58.353Z  INFO 18064 --- [educore] [           main] org.ehcache.core.EhcacheManager          : Cache 'announcements_active' created in EhcacheManager.
2026-06-08T02:53:58.354Z  INFO 18064 --- [educore] [           main] org.ehcache.core.EhcacheManager          : Cache 'sessions_pages' created in EhcacheManager.
2026-06-08T02:53:58.372Z  INFO 18064 --- [educore] [           main] org.ehcache.core.EhcacheManager          : Cache 'enrollment' created in EhcacheManager.
2026-06-08T02:53:58.374Z  INFO 18064 --- [educore] [           main] org.ehcache.core.EhcacheManager          : Cache 'sessions_by_course' created in EhcacheManager.
2026-06-08T02:53:58.375Z  INFO 18064 --- [educore] [           main] org.ehcache.core.EhcacheManager          : Cache 'materialAccess' created in EhcacheManager.
2026-06-08T02:53:58.619Z  INFO 18064 --- [educore] [           main] org.ehcache.jsr107.Eh107CacheManager     : Registering Ehcache MBean javax.cache:type=CacheStatistics,CacheManager=jar.nested./root/mentor-x/backend/target/educore-0.0.1-SNAPSHOT.jar/!BOOT-INF/classes/!/ehcache.xml,Cache=assignments
2026-06-08T02:53:58.626Z  INFO 18064 --- [educore] [           main] org.ehcache.jsr107.Eh107CacheManager     : Registering Ehcache MBean javax.cache:type=CacheStatistics,CacheManager=jar.nested./root/mentor-x/backend/target/educore-0.0.1-SNAPSHOT.jar/!BOOT-INF/classes/!/ehcache.xml,Cache=areas
2026-06-08T02:53:58.629Z  INFO 18064 --- [educore] [           main] org.ehcache.jsr107.Eh107CacheManager     : Registering Ehcache MBean javax.cache:type=CacheStatistics,CacheManager=jar.nested./root/mentor-x/backend/target/educore-0.0.1-SNAPSHOT.jar/!BOOT-INF/classes/!/ehcache.xml,Cache=courseEnrollments
2026-06-08T02:53:58.630Z  INFO 18064 --- [educore] [           main] org.ehcache.jsr107.Eh107CacheManager     : Registering Ehcache MBean javax.cache:type=CacheStatistics,CacheManager=jar.nested./root/mentor-x/backend/target/educore-0.0.1-SNAPSHOT.jar/!BOOT-INF/classes/!/ehcache.xml,Cache=levels_pages
2026-06-08T02:53:58.630Z  INFO 18064 --- [educore] [           main] org.ehcache.jsr107.Eh107CacheManager     : Registering Ehcache MBean javax.cache:type=CacheStatistics,CacheManager=jar.nested./root/mentor-x/backend/target/educore-0.0.1-SNAPSHOT.jar/!BOOT-INF/classes/!/ehcache.xml,Cache=lessons_by_session
2026-06-08T02:53:58.631Z  INFO 18064 --- [educore] [           main] org.ehcache.jsr107.Eh107CacheManager     : Registering Ehcache MBean javax.cache:type=CacheStatistics,CacheManager=jar.nested./root/mentor-x/backend/target/educore-0.0.1-SNAPSHOT.jar/!BOOT-INF/classes/!/ehcache.xml,Cache=courses_pages
2026-06-08T02:53:58.639Z  INFO 18064 --- [educore] [           main] org.ehcache.jsr107.Eh107CacheManager     : Registering Ehcache MBean javax.cache:type=CacheStatistics,CacheManager=jar.nested./root/mentor-x/backend/target/educore-0.0.1-SNAPSHOT.jar/!BOOT-INF/classes/!/ehcache.xml,Cache=banners_active
2026-06-08T02:53:58.639Z  INFO 18064 --- [educore] [           main] org.ehcache.jsr107.Eh107CacheManager     : Registering Ehcache MBean javax.cache:type=CacheStatistics,CacheManager=jar.nested./root/mentor-x/backend/target/educore-0.0.1-SNAPSHOT.jar/!BOOT-INF/classes/!/ehcache.xml,Cache=quizzes_by_week
2026-06-08T02:53:58.640Z  INFO 18064 --- [educore] [           main] org.ehcache.jsr107.Eh107CacheManager     : Registering Ehcache MBean javax.cache:type=CacheStatistics,CacheManager=jar.nested./root/mentor-x/backend/target/educore-0.0.1-SNAPSHOT.jar/!BOOT-INF/classes/!/ehcache.xml,Cache=leaderboard_quiz
2026-06-08T02:53:58.640Z  INFO 18064 --- [educore] [           main] org.ehcache.jsr107.Eh107CacheManager     : Registering Ehcache MBean javax.cache:type=CacheStatistics,CacheManager=jar.nested./root/mentor-x/backend/target/educore-0.0.1-SNAPSHOT.jar/!BOOT-INF/classes/!/ehcache.xml,Cache=sessions
2026-06-08T02:53:58.641Z  INFO 18064 --- [educore] [           main] org.ehcache.jsr107.Eh107CacheManager     : Registering Ehcache MBean javax.cache:type=CacheStatistics,CacheManager=jar.nested./root/mentor-x/backend/target/educore-0.0.1-SNAPSHOT.jar/!BOOT-INF/classes/!/ehcache.xml,Cache=banners
2026-06-08T02:53:58.642Z  INFO 18064 --- [educore] [           main] org.ehcache.jsr107.Eh107CacheManager     : Registering Ehcache MBean javax.cache:type=CacheStatistics,CacheManager=jar.nested./root/mentor-x/backend/target/educore-0.0.1-SNAPSHOT.jar/!BOOT-INF/classes/!/ehcache.xml,Cache=courseAccess
2026-06-08T02:53:58.642Z  INFO 18064 --- [educore] [           main] org.ehcache.jsr107.Eh107CacheManager     : Registering Ehcache MBean javax.cache:type=CacheStatistics,CacheManager=jar.nested./root/mentor-x/backend/target/educore-0.0.1-SNAPSHOT.jar/!BOOT-INF/classes/!/ehcache.xml,Cache=categories_pages
2026-06-08T02:53:58.643Z  INFO 18064 --- [educore] [           main] org.ehcache.jsr107.Eh107CacheManager     : Registering Ehcache MBean javax.cache:type=CacheStatistics,CacheManager=jar.nested./root/mentor-x/backend/target/educore-0.0.1-SNAPSHOT.jar/!BOOT-INF/classes/!/ehcache.xml,Cache=lessons
2026-06-08T02:53:58.644Z  INFO 18064 --- [educore] [           main] org.ehcache.jsr107.Eh107CacheManager     : Registering Ehcache MBean javax.cache:type=CacheStatistics,CacheManager=jar.nested./root/mentor-x/backend/target/educore-0.0.1-SNAPSHOT.jar/!BOOT-INF/classes/!/ehcache.xml,Cache=sessionAccess
2026-06-08T02:53:58.645Z  INFO 18064 --- [educore] [           main] org.ehcache.jsr107.Eh107CacheManager     : Registering Ehcache MBean javax.cache:type=CacheStatistics,CacheManager=jar.nested./root/mentor-x/backend/target/educore-0.0.1-SNAPSHOT.jar/!BOOT-INF/classes/!/ehcache.xml,Cache=orderCache
2026-06-08T02:53:58.648Z  INFO 18064 --- [educore] [           main] org.ehcache.jsr107.Eh107CacheManager     : Registering Ehcache MBean javax.cache:type=CacheStatistics,CacheManager=jar.nested./root/mentor-x/backend/target/educore-0.0.1-SNAPSHOT.jar/!BOOT-INF/classes/!/ehcache.xml,Cache=categories
2026-06-08T02:53:58.649Z  INFO 18064 --- [educore] [           main] org.ehcache.jsr107.Eh107CacheManager     : Registering Ehcache MBean javax.cache:type=CacheStatistics,CacheManager=jar.nested./root/mentor-x/backend/target/educore-0.0.1-SNAPSHOT.jar/!BOOT-INF/classes/!/ehcache.xml,Cache=materials_pages
2026-06-08T02:53:58.649Z  INFO 18064 --- [educore] [           main] org.ehcache.jsr107.Eh107CacheManager     : Registering Ehcache MBean javax.cache:type=CacheStatistics,CacheManager=jar.nested./root/mentor-x/backend/target/educore-0.0.1-SNAPSHOT.jar/!BOOT-INF/classes/!/ehcache.xml,Cache=questions_by_quiz
2026-06-08T02:53:58.649Z  INFO 18064 --- [educore] [           main] org.ehcache.jsr107.Eh107CacheManager     : Registering Ehcache MBean javax.cache:type=CacheStatistics,CacheManager=jar.nested./root/mentor-x/backend/target/educore-0.0.1-SNAPSHOT.jar/!BOOT-INF/classes/!/ehcache.xml,Cache=assignments_by_week
2026-06-08T02:53:58.650Z  INFO 18064 --- [educore] [           main] org.ehcache.jsr107.Eh107CacheManager     : Registering Ehcache MBean javax.cache:type=CacheStatistics,CacheManager=jar.nested./root/mentor-x/backend/target/educore-0.0.1-SNAPSHOT.jar/!BOOT-INF/classes/!/ehcache.xml,Cache=quizzes
2026-06-08T02:53:58.654Z  INFO 18064 --- [educore] [           main] org.ehcache.jsr107.Eh107CacheManager     : Registering Ehcache MBean javax.cache:type=CacheStatistics,CacheManager=jar.nested./root/mentor-x/backend/target/educore-0.0.1-SNAPSHOT.jar/!BOOT-INF/classes/!/ehcache.xml,Cache=levels
2026-06-08T02:53:58.655Z  INFO 18064 --- [educore] [           main] org.ehcache.jsr107.Eh107CacheManager     : Registering Ehcache MBean javax.cache:type=CacheStatistics,CacheManager=jar.nested./root/mentor-x/backend/target/educore-0.0.1-SNAPSHOT.jar/!BOOT-INF/classes/!/ehcache.xml,Cache=assignment_questions
2026-06-08T02:53:58.656Z  INFO 18064 --- [educore] [           main] org.ehcache.jsr107.Eh107CacheManager     : Registering Ehcache MBean javax.cache:type=CacheStatistics,CacheManager=jar.nested./root/mentor-x/backend/target/educore-0.0.1-SNAPSHOT.jar/!BOOT-INF/classes/!/ehcache.xml,Cache=accessCodeCache
2026-06-08T02:53:58.656Z  INFO 18064 --- [educore] [           main] org.ehcache.jsr107.Eh107CacheManager     : Registering Ehcache MBean javax.cache:type=CacheStatistics,CacheManager=jar.nested./root/mentor-x/backend/target/educore-0.0.1-SNAPSHOT.jar/!BOOT-INF/classes/!/ehcache.xml,Cache=questions
2026-06-08T02:53:58.657Z  INFO 18064 --- [educore] [           main] org.ehcache.jsr107.Eh107CacheManager     : Registering Ehcache MBean javax.cache:type=CacheStatistics,CacheManager=jar.nested./root/mentor-x/backend/target/educore-0.0.1-SNAPSHOT.jar/!BOOT-INF/classes/!/ehcache.xml,Cache=leaderboard_global
2026-06-08T02:53:58.657Z  INFO 18064 --- [educore] [           main] org.ehcache.jsr107.Eh107CacheManager     : Registering Ehcache MBean javax.cache:type=CacheStatistics,CacheManager=jar.nested./root/mentor-x/backend/target/educore-0.0.1-SNAPSHOT.jar/!BOOT-INF/classes/!/ehcache.xml,Cache=leaderboard_course
2026-06-08T02:53:58.657Z  INFO 18064 --- [educore] [           main] org.ehcache.jsr107.Eh107CacheManager     : Registering Ehcache MBean javax.cache:type=CacheStatistics,CacheManager=jar.nested./root/mentor-x/backend/target/educore-0.0.1-SNAPSHOT.jar/!BOOT-INF/classes/!/ehcache.xml,Cache=accessibleCourses
2026-06-08T02:53:58.658Z  INFO 18064 --- [educore] [           main] org.ehcache.jsr107.Eh107CacheManager     : Registering Ehcache MBean javax.cache:type=CacheStatistics,CacheManager=jar.nested./root/mentor-x/backend/target/educore-0.0.1-SNAPSHOT.jar/!BOOT-INF/classes/!/ehcache.xml,Cache=courses_by_category
2026-06-08T02:53:58.658Z  INFO 18064 --- [educore] [           main] org.ehcache.jsr107.Eh107CacheManager     : Registering Ehcache MBean javax.cache:type=CacheStatistics,CacheManager=jar.nested./root/mentor-x/backend/target/educore-0.0.1-SNAPSHOT.jar/!BOOT-INF/classes/!/ehcache.xml,Cache=courses
2026-06-08T02:53:58.659Z  INFO 18064 --- [educore] [           main] org.ehcache.jsr107.Eh107CacheManager     : Registering Ehcache MBean javax.cache:type=CacheStatistics,CacheManager=jar.nested./root/mentor-x/backend/target/educore-0.0.1-SNAPSHOT.jar/!BOOT-INF/classes/!/ehcache.xml,Cache=lessons_pages
2026-06-08T02:53:58.661Z  INFO 18064 --- [educore] [           main] org.ehcache.jsr107.Eh107CacheManager     : Registering Ehcache MBean javax.cache:type=CacheStatistics,CacheManager=jar.nested./root/mentor-x/backend/target/educore-0.0.1-SNAPSHOT.jar/!BOOT-INF/classes/!/ehcache.xml,Cache=studentEnrollments
2026-06-08T02:53:58.662Z  INFO 18064 --- [educore] [           main] org.ehcache.jsr107.Eh107CacheManager     : Registering Ehcache MBean javax.cache:type=CacheStatistics,CacheManager=jar.nested./root/mentor-x/backend/target/educore-0.0.1-SNAPSHOT.jar/!BOOT-INF/classes/!/ehcache.xml,Cache=walletCache
2026-06-08T02:53:58.663Z  INFO 18064 --- [educore] [           main] org.ehcache.jsr107.Eh107CacheManager     : Registering Ehcache MBean javax.cache:type=CacheStatistics,CacheManager=jar.nested./root/mentor-x/backend/target/educore-0.0.1-SNAPSHOT.jar/!BOOT-INF/classes/!/ehcache.xml,Cache=materials
2026-06-08T02:53:58.666Z  INFO 18064 --- [educore] [           main] org.ehcache.jsr107.Eh107CacheManager     : Registering Ehcache MBean javax.cache:type=CacheStatistics,CacheManager=jar.nested./root/mentor-x/backend/target/educore-0.0.1-SNAPSHOT.jar/!BOOT-INF/classes/!/ehcache.xml,Cache=weekAccess
2026-06-08T02:53:58.667Z  INFO 18064 --- [educore] [           main] org.ehcache.jsr107.Eh107CacheManager     : Registering Ehcache MBean javax.cache:type=CacheStatistics,CacheManager=jar.nested./root/mentor-x/backend/target/educore-0.0.1-SNAPSHOT.jar/!BOOT-INF/classes/!/ehcache.xml,Cache=announcements
2026-06-08T02:53:58.668Z  INFO 18064 --- [educore] [           main] org.ehcache.jsr107.Eh107CacheManager     : Registering Ehcache MBean javax.cache:type=CacheStatistics,CacheManager=jar.nested./root/mentor-x/backend/target/educore-0.0.1-SNAPSHOT.jar/!BOOT-INF/classes/!/ehcache.xml,Cache=walletTxCache
2026-06-08T02:53:58.669Z  INFO 18064 --- [educore] [           main] org.ehcache.jsr107.Eh107CacheManager     : Registering Ehcache MBean javax.cache:type=CacheStatistics,CacheManager=jar.nested./root/mentor-x/backend/target/educore-0.0.1-SNAPSHOT.jar/!BOOT-INF/classes/!/ehcache.xml,Cache=paymentCache
2026-06-08T02:53:58.669Z  INFO 18064 --- [educore] [           main] org.ehcache.jsr107.Eh107CacheManager     : Registering Ehcache MBean javax.cache:type=CacheStatistics,CacheManager=jar.nested./root/mentor-x/backend/target/educore-0.0.1-SNAPSHOT.jar/!BOOT-INF/classes/!/ehcache.xml,Cache=governorates
2026-06-08T02:53:58.669Z  INFO 18064 --- [educore] [           main] org.ehcache.jsr107.Eh107CacheManager     : Registering Ehcache MBean javax.cache:type=CacheStatistics,CacheManager=jar.nested./root/mentor-x/backend/target/educore-0.0.1-SNAPSHOT.jar/!BOOT-INF/classes/!/ehcache.xml,Cache=assignment_questions_by_assignment
2026-06-08T02:53:58.670Z  INFO 18064 --- [educore] [           main] org.ehcache.jsr107.Eh107CacheManager     : Registering Ehcache MBean javax.cache:type=CacheStatistics,CacheManager=jar.nested./root/mentor-x/backend/target/educore-0.0.1-SNAPSHOT.jar/!BOOT-INF/classes/!/ehcache.xml,Cache=announcements_active
2026-06-08T02:53:58.672Z  INFO 18064 --- [educore] [           main] org.ehcache.jsr107.Eh107CacheManager     : Registering Ehcache MBean javax.cache:type=CacheStatistics,CacheManager=jar.nested./root/mentor-x/backend/target/educore-0.0.1-SNAPSHOT.jar/!BOOT-INF/classes/!/ehcache.xml,Cache=sessions_pages
2026-06-08T02:53:58.672Z  INFO 18064 --- [educore] [           main] org.ehcache.jsr107.Eh107CacheManager     : Registering Ehcache MBean javax.cache:type=CacheStatistics,CacheManager=jar.nested./root/mentor-x/backend/target/educore-0.0.1-SNAPSHOT.jar/!BOOT-INF/classes/!/ehcache.xml,Cache=enrollment
2026-06-08T02:53:58.673Z  INFO 18064 --- [educore] [           main] org.ehcache.jsr107.Eh107CacheManager     : Registering Ehcache MBean javax.cache:type=CacheStatistics,CacheManager=jar.nested./root/mentor-x/backend/target/educore-0.0.1-SNAPSHOT.jar/!BOOT-INF/classes/!/ehcache.xml,Cache=sessions_by_course
2026-06-08T02:53:58.674Z  INFO 18064 --- [educore] [           main] org.ehcache.jsr107.Eh107CacheManager     : Registering Ehcache MBean javax.cache:type=CacheStatistics,CacheManager=jar.nested./root/mentor-x/backend/target/educore-0.0.1-SNAPSHOT.jar/!BOOT-INF/classes/!/ehcache.xml,Cache=materialAccess
2026-06-08T02:53:59.009Z  INFO 18064 --- [educore] [           main] o.hibernate.jpa.internal.util.LogHelper  : HHH000204: Processing PersistenceUnitInfo [name: default]
2026-06-08T02:53:59.151Z  INFO 18064 --- [educore] [           main] org.hibernate.Version                    : HHH000412: Hibernate ORM core version 6.4.1.Final
2026-06-08T02:53:59.237Z  INFO 18064 --- [educore] [           main] o.h.c.internal.RegionFactoryInitiator    : HHH000025: Second-level cache region factory [org.hibernate.cache.jcache.internal.JCacheRegionFactory]
2026-06-08T02:53:59.714Z  INFO 18064 --- [educore] [           main] o.s.o.j.p.SpringPersistenceUnitInfo      : No LoadTimeWeaver setup: ignoring JPA class transformer
2026-06-08T02:53:59.779Z  INFO 18064 --- [educore] [           main] com.zaxxer.hikari.HikariDataSource       : HikariPool-1 - Starting...
2026-06-08T02:54:00.552Z  INFO 18064 --- [educore] [           main] com.zaxxer.hikari.pool.HikariPool        : HikariPool-1 - Added connection org.postgresql.jdbc.PgConnection@72dc7f0a
2026-06-08T02:54:00.554Z  INFO 18064 --- [educore] [           main] com.zaxxer.hikari.HikariDataSource       : HikariPool-1 - Start completed.
2026-06-08T02:54:03.643Z  INFO 18064 --- [educore] [           main] org.ehcache.core.EhcacheManager          : Cache 'assignments' created in EhcacheManager.
2026-06-08T02:54:03.644Z  INFO 18064 --- [educore] [           main] org.ehcache.core.EhcacheManager          : Cache 'areas' created in EhcacheManager.
2026-06-08T02:54:03.646Z  INFO 18064 --- [educore] [           main] org.ehcache.core.EhcacheManager          : Cache 'courseEnrollments' created in EhcacheManager.
2026-06-08T02:54:03.652Z  INFO 18064 --- [educore] [           main] org.ehcache.core.EhcacheManager          : Cache 'levels_pages' created in EhcacheManager.
2026-06-08T02:54:03.653Z  INFO 18064 --- [educore] [           main] org.ehcache.core.EhcacheManager          : Cache 'lessons_by_session' created in EhcacheManager.
2026-06-08T02:54:03.655Z  INFO 18064 --- [educore] [           main] org.ehcache.core.EhcacheManager          : Cache 'courses_pages' created in EhcacheManager.
2026-06-08T02:54:03.662Z  INFO 18064 --- [educore] [           main] org.ehcache.core.EhcacheManager          : Cache 'banners_active' created in EhcacheManager.
2026-06-08T02:54:03.663Z  INFO 18064 --- [educore] [           main] org.ehcache.core.EhcacheManager          : Cache 'quizzes_by_week' created in EhcacheManager.
2026-06-08T02:54:03.664Z  INFO 18064 --- [educore] [           main] org.ehcache.core.EhcacheManager          : Cache 'leaderboard_quiz' created in EhcacheManager.
2026-06-08T02:54:03.665Z  INFO 18064 --- [educore] [           main] org.ehcache.core.EhcacheManager          : Cache 'sessions' created in EhcacheManager.
2026-06-08T02:54:03.666Z  INFO 18064 --- [educore] [           main] org.ehcache.core.EhcacheManager          : Cache 'banners' created in EhcacheManager.
2026-06-08T02:54:03.672Z  INFO 18064 --- [educore] [           main] org.ehcache.core.EhcacheManager          : Cache 'courseAccess' created in EhcacheManager.
2026-06-08T02:54:03.673Z  INFO 18064 --- [educore] [           main] org.ehcache.core.EhcacheManager          : Cache 'categories_pages' created in EhcacheManager.
2026-06-08T02:54:03.678Z  INFO 18064 --- [educore] [           main] org.ehcache.core.EhcacheManager          : Cache 'lessons' created in EhcacheManager.
2026-06-08T02:54:03.680Z  INFO 18064 --- [educore] [           main] org.ehcache.core.EhcacheManager          : Cache 'sessionAccess' created in EhcacheManager.
2026-06-08T02:54:03.681Z  INFO 18064 --- [educore] [           main] org.ehcache.core.EhcacheManager          : Cache 'orderCache' created in EhcacheManager.
2026-06-08T02:54:03.683Z  INFO 18064 --- [educore] [           main] org.ehcache.core.EhcacheManager          : Cache 'categories' created in EhcacheManager.
2026-06-08T02:54:03.687Z  INFO 18064 --- [educore] [           main] org.ehcache.core.EhcacheManager          : Cache 'materials_pages' created in EhcacheManager.
2026-06-08T02:54:03.691Z  INFO 18064 --- [educore] [           main] org.ehcache.core.EhcacheManager          : Cache 'questions_by_quiz' created in EhcacheManager.
2026-06-08T02:54:03.692Z  INFO 18064 --- [educore] [           main] org.ehcache.core.EhcacheManager          : Cache 'assignments_by_week' created in EhcacheManager.
2026-06-08T02:54:03.698Z  INFO 18064 --- [educore] [           main] org.ehcache.core.EhcacheManager          : Cache 'quizzes' created in EhcacheManager.
2026-06-08T02:54:03.701Z  INFO 18064 --- [educore] [           main] org.ehcache.core.EhcacheManager          : Cache 'levels' created in EhcacheManager.
2026-06-08T02:54:03.703Z  INFO 18064 --- [educore] [           main] org.ehcache.core.EhcacheManager          : Cache 'assignment_questions' created in EhcacheManager.
2026-06-08T02:54:03.704Z  INFO 18064 --- [educore] [           main] org.ehcache.core.EhcacheManager          : Cache 'accessCodeCache' created in EhcacheManager.
2026-06-08T02:54:03.707Z  INFO 18064 --- [educore] [           main] org.ehcache.core.EhcacheManager          : Cache 'questions' created in EhcacheManager.
2026-06-08T02:54:03.708Z  INFO 18064 --- [educore] [           main] org.ehcache.core.EhcacheManager          : Cache 'leaderboard_global' created in EhcacheManager.
2026-06-08T02:54:03.709Z  INFO 18064 --- [educore] [           main] org.ehcache.core.EhcacheManager          : Cache 'leaderboard_course' created in EhcacheManager.
2026-06-08T02:54:03.714Z  INFO 18064 --- [educore] [           main] org.ehcache.core.EhcacheManager          : Cache 'accessibleCourses' created in EhcacheManager.
2026-06-08T02:54:03.715Z  INFO 18064 --- [educore] [           main] org.ehcache.core.EhcacheManager          : Cache 'courses_by_category' created in EhcacheManager.
2026-06-08T02:54:03.723Z  INFO 18064 --- [educore] [           main] org.ehcache.core.EhcacheManager          : Cache 'courses' created in EhcacheManager.
2026-06-08T02:54:03.725Z  INFO 18064 --- [educore] [           main] org.ehcache.core.EhcacheManager          : Cache 'lessons_pages' created in EhcacheManager.
2026-06-08T02:54:03.726Z  INFO 18064 --- [educore] [           main] org.ehcache.core.EhcacheManager          : Cache 'studentEnrollments' created in EhcacheManager.
2026-06-08T02:54:03.727Z  INFO 18064 --- [educore] [           main] org.ehcache.core.EhcacheManager          : Cache 'walletCache' created in EhcacheManager.
2026-06-08T02:54:03.727Z  INFO 18064 --- [educore] [           main] org.ehcache.core.EhcacheManager          : Cache 'materials' created in EhcacheManager.
2026-06-08T02:54:03.728Z  INFO 18064 --- [educore] [           main] org.ehcache.core.EhcacheManager          : Cache 'weekAccess' created in EhcacheManager.
2026-06-08T02:54:03.729Z  INFO 18064 --- [educore] [           main] org.ehcache.core.EhcacheManager          : Cache 'announcements' created in EhcacheManager.
2026-06-08T02:54:03.734Z  INFO 18064 --- [educore] [           main] org.ehcache.core.EhcacheManager          : Cache 'walletTxCache' created in EhcacheManager.
2026-06-08T02:54:03.738Z  INFO 18064 --- [educore] [           main] org.ehcache.core.EhcacheManager          : Cache 'paymentCache' created in EhcacheManager.
2026-06-08T02:54:03.740Z  INFO 18064 --- [educore] [           main] org.ehcache.core.EhcacheManager          : Cache 'governorates' created in EhcacheManager.
2026-06-08T02:54:03.743Z  INFO 18064 --- [educore] [           main] org.ehcache.core.EhcacheManager          : Cache 'assignment_questions_by_assignment' created in EhcacheManager.
2026-06-08T02:54:03.745Z  INFO 18064 --- [educore] [           main] org.ehcache.core.EhcacheManager          : Cache 'announcements_active' created in EhcacheManager.
2026-06-08T02:54:03.746Z  INFO 18064 --- [educore] [           main] org.ehcache.core.EhcacheManager          : Cache 'sessions_pages' created in EhcacheManager.
2026-06-08T02:54:03.751Z  INFO 18064 --- [educore] [           main] org.ehcache.core.EhcacheManager          : Cache 'enrollment' created in EhcacheManager.
2026-06-08T02:54:03.752Z  INFO 18064 --- [educore] [           main] org.ehcache.core.EhcacheManager          : Cache 'sessions_by_course' created in EhcacheManager.
2026-06-08T02:54:03.753Z  INFO 18064 --- [educore] [           main] org.ehcache.core.EhcacheManager          : Cache 'materialAccess' created in EhcacheManager.
2026-06-08T02:54:03.796Z  INFO 18064 --- [educore] [           main] org.ehcache.jsr107.Eh107CacheManager     : Registering Ehcache MBean javax.cache:type=CacheStatistics,CacheManager=classpath.ehcache.xml,Cache=assignments
2026-06-08T02:54:03.797Z  INFO 18064 --- [educore] [           main] org.ehcache.jsr107.Eh107CacheManager     : Registering Ehcache MBean javax.cache:type=CacheStatistics,CacheManager=classpath.ehcache.xml,Cache=areas
2026-06-08T02:54:03.798Z  INFO 18064 --- [educore] [           main] org.ehcache.jsr107.Eh107CacheManager     : Registering Ehcache MBean javax.cache:type=CacheStatistics,CacheManager=classpath.ehcache.xml,Cache=courseEnrollments
2026-06-08T02:54:03.799Z  INFO 18064 --- [educore] [           main] org.ehcache.jsr107.Eh107CacheManager     : Registering Ehcache MBean javax.cache:type=CacheStatistics,CacheManager=classpath.ehcache.xml,Cache=levels_pages
2026-06-08T02:54:03.800Z  INFO 18064 --- [educore] [           main] org.ehcache.jsr107.Eh107CacheManager     : Registering Ehcache MBean javax.cache:type=CacheStatistics,CacheManager=classpath.ehcache.xml,Cache=lessons_by_session
2026-06-08T02:54:03.800Z  INFO 18064 --- [educore] [           main] org.ehcache.jsr107.Eh107CacheManager     : Registering Ehcache MBean javax.cache:type=CacheStatistics,CacheManager=classpath.ehcache.xml,Cache=courses_pages
2026-06-08T02:54:03.801Z  INFO 18064 --- [educore] [           main] org.ehcache.jsr107.Eh107CacheManager     : Registering Ehcache MBean javax.cache:type=CacheStatistics,CacheManager=classpath.ehcache.xml,Cache=banners_active
2026-06-08T02:54:03.802Z  INFO 18064 --- [educore] [           main] org.ehcache.jsr107.Eh107CacheManager     : Registering Ehcache MBean javax.cache:type=CacheStatistics,CacheManager=classpath.ehcache.xml,Cache=quizzes_by_week
2026-06-08T02:54:03.802Z  INFO 18064 --- [educore] [           main] org.ehcache.jsr107.Eh107CacheManager     : Registering Ehcache MBean javax.cache:type=CacheStatistics,CacheManager=classpath.ehcache.xml,Cache=leaderboard_quiz
2026-06-08T02:54:03.802Z  INFO 18064 --- [educore] [           main] org.ehcache.jsr107.Eh107CacheManager     : Registering Ehcache MBean javax.cache:type=CacheStatistics,CacheManager=classpath.ehcache.xml,Cache=sessions
2026-06-08T02:54:03.803Z  INFO 18064 --- [educore] [           main] org.ehcache.jsr107.Eh107CacheManager     : Registering Ehcache MBean javax.cache:type=CacheStatistics,CacheManager=classpath.ehcache.xml,Cache=banners
2026-06-08T02:54:03.806Z  INFO 18064 --- [educore] [           main] org.ehcache.jsr107.Eh107CacheManager     : Registering Ehcache MBean javax.cache:type=CacheStatistics,CacheManager=classpath.ehcache.xml,Cache=courseAccess
2026-06-08T02:54:03.807Z  INFO 18064 --- [educore] [           main] org.ehcache.jsr107.Eh107CacheManager     : Registering Ehcache MBean javax.cache:type=CacheStatistics,CacheManager=classpath.ehcache.xml,Cache=categories_pages
2026-06-08T02:54:03.808Z  INFO 18064 --- [educore] [           main] org.ehcache.jsr107.Eh107CacheManager     : Registering Ehcache MBean javax.cache:type=CacheStatistics,CacheManager=classpath.ehcache.xml,Cache=lessons
2026-06-08T02:54:03.809Z  INFO 18064 --- [educore] [           main] org.ehcache.jsr107.Eh107CacheManager     : Registering Ehcache MBean javax.cache:type=CacheStatistics,CacheManager=classpath.ehcache.xml,Cache=sessionAccess
2026-06-08T02:54:03.812Z  INFO 18064 --- [educore] [           main] org.ehcache.jsr107.Eh107CacheManager     : Registering Ehcache MBean javax.cache:type=CacheStatistics,CacheManager=classpath.ehcache.xml,Cache=orderCache
2026-06-08T02:54:03.812Z  INFO 18064 --- [educore] [           main] org.ehcache.jsr107.Eh107CacheManager     : Registering Ehcache MBean javax.cache:type=CacheStatistics,CacheManager=classpath.ehcache.xml,Cache=categories
2026-06-08T02:54:03.813Z  INFO 18064 --- [educore] [           main] org.ehcache.jsr107.Eh107CacheManager     : Registering Ehcache MBean javax.cache:type=CacheStatistics,CacheManager=classpath.ehcache.xml,Cache=materials_pages
2026-06-08T02:54:03.813Z  INFO 18064 --- [educore] [           main] org.ehcache.jsr107.Eh107CacheManager     : Registering Ehcache MBean javax.cache:type=CacheStatistics,CacheManager=classpath.ehcache.xml,Cache=questions_by_quiz
2026-06-08T02:54:03.814Z  INFO 18064 --- [educore] [           main] org.ehcache.jsr107.Eh107CacheManager     : Registering Ehcache MBean javax.cache:type=CacheStatistics,CacheManager=classpath.ehcache.xml,Cache=assignments_by_week
2026-06-08T02:54:03.815Z  INFO 18064 --- [educore] [           main] org.ehcache.jsr107.Eh107CacheManager     : Registering Ehcache MBean javax.cache:type=CacheStatistics,CacheManager=classpath.ehcache.xml,Cache=quizzes
2026-06-08T02:54:03.815Z  INFO 18064 --- [educore] [           main] org.ehcache.jsr107.Eh107CacheManager     : Registering Ehcache MBean javax.cache:type=CacheStatistics,CacheManager=classpath.ehcache.xml,Cache=levels
2026-06-08T02:54:03.815Z  INFO 18064 --- [educore] [           main] org.ehcache.jsr107.Eh107CacheManager     : Registering Ehcache MBean javax.cache:type=CacheStatistics,CacheManager=classpath.ehcache.xml,Cache=assignment_questions
2026-06-08T02:54:03.815Z  INFO 18064 --- [educore] [           main] org.ehcache.jsr107.Eh107CacheManager     : Registering Ehcache MBean javax.cache:type=CacheStatistics,CacheManager=classpath.ehcache.xml,Cache=accessCodeCache
2026-06-08T02:54:03.816Z  INFO 18064 --- [educore] [           main] org.ehcache.jsr107.Eh107CacheManager     : Registering Ehcache MBean javax.cache:type=CacheStatistics,CacheManager=classpath.ehcache.xml,Cache=questions
2026-06-08T02:54:03.823Z  INFO 18064 --- [educore] [           main] org.ehcache.jsr107.Eh107CacheManager     : Registering Ehcache MBean javax.cache:type=CacheStatistics,CacheManager=classpath.ehcache.xml,Cache=leaderboard_global
2026-06-08T02:54:03.824Z  INFO 18064 --- [educore] [           main] org.ehcache.jsr107.Eh107CacheManager     : Registering Ehcache MBean javax.cache:type=CacheStatistics,CacheManager=classpath.ehcache.xml,Cache=leaderboard_course
2026-06-08T02:54:03.824Z  INFO 18064 --- [educore] [           main] org.ehcache.jsr107.Eh107CacheManager     : Registering Ehcache MBean javax.cache:type=CacheStatistics,CacheManager=classpath.ehcache.xml,Cache=accessibleCourses
2026-06-08T02:54:03.824Z  INFO 18064 --- [educore] [           main] org.ehcache.jsr107.Eh107CacheManager     : Registering Ehcache MBean javax.cache:type=CacheStatistics,CacheManager=classpath.ehcache.xml,Cache=courses_by_category
2026-06-08T02:54:03.825Z  INFO 18064 --- [educore] [           main] org.ehcache.jsr107.Eh107CacheManager     : Registering Ehcache MBean javax.cache:type=CacheStatistics,CacheManager=classpath.ehcache.xml,Cache=courses
2026-06-08T02:54:03.826Z  INFO 18064 --- [educore] [           main] org.ehcache.jsr107.Eh107CacheManager     : Registering Ehcache MBean javax.cache:type=CacheStatistics,CacheManager=classpath.ehcache.xml,Cache=lessons_pages
2026-06-08T02:54:03.826Z  INFO 18064 --- [educore] [           main] org.ehcache.jsr107.Eh107CacheManager     : Registering Ehcache MBean javax.cache:type=CacheStatistics,CacheManager=classpath.ehcache.xml,Cache=studentEnrollments
2026-06-08T02:54:03.826Z  INFO 18064 --- [educore] [           main] org.ehcache.jsr107.Eh107CacheManager     : Registering Ehcache MBean javax.cache:type=CacheStatistics,CacheManager=classpath.ehcache.xml,Cache=walletCache
2026-06-08T02:54:03.827Z  INFO 18064 --- [educore] [           main] org.ehcache.jsr107.Eh107CacheManager     : Registering Ehcache MBean javax.cache:type=CacheStatistics,CacheManager=classpath.ehcache.xml,Cache=materials
2026-06-08T02:54:03.827Z  INFO 18064 --- [educore] [           main] org.ehcache.jsr107.Eh107CacheManager     : Registering Ehcache MBean javax.cache:type=CacheStatistics,CacheManager=classpath.ehcache.xml,Cache=weekAccess
2026-06-08T02:54:03.828Z  INFO 18064 --- [educore] [           main] org.ehcache.jsr107.Eh107CacheManager     : Registering Ehcache MBean javax.cache:type=CacheStatistics,CacheManager=classpath.ehcache.xml,Cache=announcements
2026-06-08T02:54:03.829Z  INFO 18064 --- [educore] [           main] org.ehcache.jsr107.Eh107CacheManager     : Registering Ehcache MBean javax.cache:type=CacheStatistics,CacheManager=classpath.ehcache.xml,Cache=walletTxCache
2026-06-08T02:54:03.829Z  INFO 18064 --- [educore] [           main] org.ehcache.jsr107.Eh107CacheManager     : Registering Ehcache MBean javax.cache:type=CacheStatistics,CacheManager=classpath.ehcache.xml,Cache=paymentCache
2026-06-08T02:54:03.830Z  INFO 18064 --- [educore] [           main] org.ehcache.jsr107.Eh107CacheManager     : Registering Ehcache MBean javax.cache:type=CacheStatistics,CacheManager=classpath.ehcache.xml,Cache=governorates
2026-06-08T02:54:03.830Z  INFO 18064 --- [educore] [           main] org.ehcache.jsr107.Eh107CacheManager     : Registering Ehcache MBean javax.cache:type=CacheStatistics,CacheManager=classpath.ehcache.xml,Cache=assignment_questions_by_assignment
2026-06-08T02:54:03.835Z  INFO 18064 --- [educore] [           main] org.ehcache.jsr107.Eh107CacheManager     : Registering Ehcache MBean javax.cache:type=CacheStatistics,CacheManager=classpath.ehcache.xml,Cache=announcements_active
2026-06-08T02:54:03.835Z  INFO 18064 --- [educore] [           main] org.ehcache.jsr107.Eh107CacheManager     : Registering Ehcache MBean javax.cache:type=CacheStatistics,CacheManager=classpath.ehcache.xml,Cache=sessions_pages
2026-06-08T02:54:03.836Z  INFO 18064 --- [educore] [           main] org.ehcache.jsr107.Eh107CacheManager     : Registering Ehcache MBean javax.cache:type=CacheStatistics,CacheManager=classpath.ehcache.xml,Cache=enrollment
2026-06-08T02:54:03.836Z  INFO 18064 --- [educore] [           main] org.ehcache.jsr107.Eh107CacheManager     : Registering Ehcache MBean javax.cache:type=CacheStatistics,CacheManager=classpath.ehcache.xml,Cache=sessions_by_course
2026-06-08T02:54:03.836Z  INFO 18064 --- [educore] [           main] org.ehcache.jsr107.Eh107CacheManager     : Registering Ehcache MBean javax.cache:type=CacheStatistics,CacheManager=classpath.ehcache.xml,Cache=materialAccess
2026-06-08T02:54:04.882Z  WARN 18064 --- [educore] [           main] org.hibernate.orm.cache                  : HHH90001006: Missing cache[com.educore.unit.Session] was created on-the-fly. The created cache will use a provider-specific default configuration: make sure you defined one. You can disable this warning by setting 'hibernate.javax.cache.missing_cache_strategy' to 'create'.
2026-06-08T02:54:04.899Z  INFO 18064 --- [educore] [           main] org.ehcache.core.EhcacheManager          : Cache 'com.educore.unit.Session' created in EhcacheManager.
2026-06-08T02:54:04.906Z  WARN 18064 --- [educore] [           main] org.hibernate.orm.cache                  : HHH90001006: Missing cache[com.educore.level.Level.categories] was created on-the-fly. The created cache will use a provider-specific default configuration: make sure you defined one. You can disable this warning by setting 'hibernate.javax.cache.missing_cache_strategy' to 'create'.
2026-06-08T02:54:04.914Z  INFO 18064 --- [educore] [           main] org.ehcache.core.EhcacheManager          : Cache 'com.educore.level.Level.categories' created in EhcacheManager.
2026-06-08T02:54:04.916Z  WARN 18064 --- [educore] [           main] org.hibernate.orm.cache                  : HHH90001006: Missing cache[com.educore.lesson.Week.assignments] was created on-the-fly. The created cache will use a provider-specific default configuration: make sure you defined one. You can disable this warning by setting 'hibernate.javax.cache.missing_cache_strategy' to 'create'.
2026-06-08T02:54:04.917Z  INFO 18064 --- [educore] [           main] org.ehcache.core.EhcacheManager          : Cache 'com.educore.lesson.Week.assignments' created in EhcacheManager.
2026-06-08T02:54:04.917Z  WARN 18064 --- [educore] [           main] org.hibernate.orm.cache                  : HHH90001006: Missing cache[com.educore.quiz.Quiz.questions] was created on-the-fly. The created cache will use a provider-specific default configuration: make sure you defined one. You can disable this warning by setting 'hibernate.javax.cache.missing_cache_strategy' to 'create'.
2026-06-08T02:54:04.924Z  INFO 18064 --- [educore] [           main] org.ehcache.core.EhcacheManager          : Cache 'com.educore.quiz.Quiz.questions' created in EhcacheManager.
2026-06-08T02:54:04.925Z  WARN 18064 --- [educore] [           main] org.hibernate.orm.cache                  : HHH90001006: Missing cache[com.educore.lessonmaterial.LessonMaterial.weeks] was created on-the-fly. The created cache will use a provider-specific default configuration: make sure you defined one. You can disable this warning by setting 'hibernate.javax.cache.missing_cache_strategy' to 'create'.
2026-06-08T02:54:04.927Z  INFO 18064 --- [educore] [           main] org.ehcache.core.EhcacheManager          : Cache 'com.educore.lessonmaterial.LessonMaterial.weeks' created in EhcacheManager.
2026-06-08T02:54:04.927Z  WARN 18064 --- [educore] [           main] org.hibernate.orm.cache                  : HHH90001006: Missing cache[com.educore.lessonmaterial.LessonMaterial] was created on-the-fly. The created cache will use a provider-specific default configuration: make sure you defined one. You can disable this warning by setting 'hibernate.javax.cache.missing_cache_strategy' to 'create'.
2026-06-08T02:54:04.931Z  INFO 18064 --- [educore] [           main] org.ehcache.core.EhcacheManager          : Cache 'com.educore.lessonmaterial.LessonMaterial' created in EhcacheManager.
2026-06-08T02:54:04.931Z  WARN 18064 --- [educore] [           main] org.hibernate.orm.cache                  : HHH90001006: Missing cache[com.educore.unit.Session.courses] was created on-the-fly. The created cache will use a provider-specific default configuration: make sure you defined one. You can disable this warning by setting 'hibernate.javax.cache.missing_cache_strategy' to 'create'.
2026-06-08T02:54:04.932Z  INFO 18064 --- [educore] [           main] org.ehcache.core.EhcacheManager          : Cache 'com.educore.unit.Session.courses' created in EhcacheManager.
2026-06-08T02:54:04.932Z  WARN 18064 --- [educore] [           main] org.hibernate.orm.cache                  : HHH90001006: Missing cache[com.educore.category.Category] was created on-the-fly. The created cache will use a provider-specific default configuration: make sure you defined one. You can disable this warning by setting 'hibernate.javax.cache.missing_cache_strategy' to 'create'.
2026-06-08T02:54:04.940Z  INFO 18064 --- [educore] [           main] org.ehcache.core.EhcacheManager          : Cache 'com.educore.category.Category' created in EhcacheManager.
2026-06-08T02:54:04.940Z  WARN 18064 --- [educore] [           main] org.hibernate.orm.cache                  : HHH90001006: Missing cache[com.educore.lesson.Week] was created on-the-fly. The created cache will use a provider-specific default configuration: make sure you defined one. You can disable this warning by setting 'hibernate.javax.cache.missing_cache_strategy' to 'create'.
2026-06-08T02:54:04.941Z  INFO 18064 --- [educore] [           main] org.ehcache.core.EhcacheManager          : Cache 'com.educore.lesson.Week' created in EhcacheManager.
2026-06-08T02:54:04.941Z  WARN 18064 --- [educore] [           main] org.hibernate.orm.cache                  : HHH90001006: Missing cache[com.educore.course.Course] was created on-the-fly. The created cache will use a provider-specific default configuration: make sure you defined one. You can disable this warning by setting 'hibernate.javax.cache.missing_cache_strategy' to 'create'.
2026-06-08T02:54:04.943Z  INFO 18064 --- [educore] [           main] org.ehcache.core.EhcacheManager          : Cache 'com.educore.course.Course' created in EhcacheManager.
2026-06-08T02:54:04.944Z  WARN 18064 --- [educore] [           main] org.hibernate.orm.cache                  : HHH90001006: Missing cache[com.educore.category.Category.courses] was created on-the-fly. The created cache will use a provider-specific default configuration: make sure you defined one. You can disable this warning by setting 'hibernate.javax.cache.missing_cache_strategy' to 'create'.
2026-06-08T02:54:04.946Z  INFO 18064 --- [educore] [           main] org.ehcache.core.EhcacheManager          : Cache 'com.educore.category.Category.courses' created in EhcacheManager.
2026-06-08T02:54:04.946Z  WARN 18064 --- [educore] [           main] org.hibernate.orm.cache                  : HHH90001006: Missing cache[com.educore.lesson.Week.materials] was created on-the-fly. The created cache will use a provider-specific default configuration: make sure you defined one. You can disable this warning by setting 'hibernate.javax.cache.missing_cache_strategy' to 'create'.
2026-06-08T02:54:04.951Z  INFO 18064 --- [educore] [           main] org.ehcache.core.EhcacheManager          : Cache 'com.educore.lesson.Week.materials' created in EhcacheManager.
2026-06-08T02:54:04.952Z  WARN 18064 --- [educore] [           main] org.hibernate.orm.cache                  : HHH90001006: Missing cache[com.educore.lesson.Week.sessions] was created on-the-fly. The created cache will use a provider-specific default configuration: make sure you defined one. You can disable this warning by setting 'hibernate.javax.cache.missing_cache_strategy' to 'create'.
2026-06-08T02:54:04.954Z  INFO 18064 --- [educore] [           main] org.ehcache.core.EhcacheManager          : Cache 'com.educore.lesson.Week.sessions' created in EhcacheManager.
2026-06-08T02:54:04.955Z  WARN 18064 --- [educore] [           main] org.hibernate.orm.cache                  : HHH90001006: Missing cache[com.educore.level.Level] was created on-the-fly. The created cache will use a provider-specific default configuration: make sure you defined one. You can disable this warning by setting 'hibernate.javax.cache.missing_cache_strategy' to 'create'.
2026-06-08T02:54:04.956Z  INFO 18064 --- [educore] [           main] org.ehcache.core.EhcacheManager          : Cache 'com.educore.level.Level' created in EhcacheManager.
2026-06-08T02:54:04.962Z  WARN 18064 --- [educore] [           main] org.hibernate.orm.cache                  : HHH90001003: Read-only caching was requested for mutable entity [NavigableRole[com.educore.level.Level]]
2026-06-08T02:54:04.963Z  WARN 18064 --- [educore] [           main] org.hibernate.orm.cache                  : HHH90001006: Missing cache[com.educore.unit.Session.weeks] was created on-the-fly. The created cache will use a provider-specific default configuration: make sure you defined one. You can disable this warning by setting 'hibernate.javax.cache.missing_cache_strategy' to 'create'.
2026-06-08T02:54:04.966Z  INFO 18064 --- [educore] [           main] org.ehcache.core.EhcacheManager          : Cache 'com.educore.unit.Session.weeks' created in EhcacheManager.
2026-06-08T02:54:04.966Z  WARN 18064 --- [educore] [           main] org.hibernate.orm.cache                  : HHH90001006: Missing cache[com.educore.lesson.Week.quizzes] was created on-the-fly. The created cache will use a provider-specific default configuration: make sure you defined one. You can disable this warning by setting 'hibernate.javax.cache.missing_cache_strategy' to 'create'.
2026-06-08T02:54:04.968Z  INFO 18064 --- [educore] [           main] org.ehcache.core.EhcacheManager          : Cache 'com.educore.lesson.Week.quizzes' created in EhcacheManager.
2026-06-08T02:54:08.396Z  INFO 18064 --- [educore] [           main] o.h.e.t.j.p.i.JtaPlatformInitiator       : HHH000489: No JTA platform available (set 'hibernate.transaction.jta.platform' to enable JTA platform integration)
2026-06-08T02:54:08.724Z  WARN 18064 --- [educore] [           main] o.h.engine.jdbc.spi.SqlExceptionHelper   : SQL Warning Code: 0, SQLState: 00000
2026-06-08T02:54:08.724Z  WARN 18064 --- [educore] [           main] o.h.engine.jdbc.spi.SqlExceptionHelper   : constraint "uq_student_week" of relation "student_week_access" does not exist, skipping
2026-06-08T02:54:09.492Z  INFO 18064 --- [educore] [           main] j.LocalContainerEntityManagerFactoryBean : Initialized JPA EntityManagerFactory for persistence unit 'default'
2026-06-08T02:54:10.198Z  INFO 18064 --- [educore] [           main] o.s.d.j.r.query.QueryEnhancerFactory     : Hibernate is in classpath; If applicable, HQL parser will be used.
2026-06-08T02:54:14.509Z  INFO 18064 --- [educore] [           main] com.educore.ai.AiClient                  : AiClient initialized → baseUrl=http://98.94.45.209:8000 timeout=60s
2026-06-08T02:54:16.789Z  WARN 18064 --- [educore] [           main] com.educore.config.FirebaseConfig        : Firebase not initialized: no service account file found at 'firebase-service-account.json' and GOOGLE_APPLICATION_CREDENTIALS not set. Push notifications will be disabled. To enable: add firebase-service-account.json to src/main/resources/
2026-06-08T02:54:21.076Z  WARN 18064 --- [educore] [           main] JpaBaseConfiguration$JpaWebConfiguration : spring.jpa.open-in-view is enabled by default. Therefore, database queries may be performed during view rendering. Explicitly configure spring.jpa.open-in-view to disable this warning
2026-06-08T02:54:23.313Z  INFO 18064 --- [educore] [           main] o.s.b.w.embedded.tomcat.TomcatWebServer  : Tomcat started on port 8081 (http) with context path ''
2026-06-08T02:54:23.353Z  INFO 18064 --- [educore] [           main] com.educore.EduCoreApplication           : Started EduCoreApplication in 35.654 seconds (process running for 37.206)
2026-06-08T02:54:23.522Z  INFO 18064 --- [educore] [   scheduling-1] c.e.session.DatabaseSessionService       : Expired sessions cleaned up at 2026-06-08T02:54:23.383123915
2026-06-08T02:54:23.548Z  INFO 18064 --- [educore] [           main] c.educore.dataseeder.EduCoreDataSeeder   : ⚠️ [EduCore Seeder] Data already exists in database. Skipping seeding process...
2026-06-08T02:54:51.660Z  INFO 18064 --- [educore] [nio-8081-exec-1] o.a.c.c.C.[Tomcat].[localhost].[/]       : Initializing Spring DispatcherServlet 'dispatcherServlet'
2026-06-08T02:54:51.661Z  INFO 18064 --- [educore] [nio-8081-exec-1] o.s.web.servlet.DispatcherServlet        : Initializing Servlet 'dispatcherServlet'
2026-06-08T02:54:51.667Z  INFO 18064 --- [educore] [nio-8081-exec-1] o.s.web.servlet.DispatcherServlet        : Completed initialization in 6 ms
2026-06-08T02:56:31.894Z ERROR 18064 --- [educore] [nio-8081-exec-4] c.e.exception.GlobalExceptionHandler     : Unhandled exception [NoResourceFoundException]: No static resource favicon.ico.

org.springframework.web.servlet.resource.NoResourceFoundException: No static resource favicon.ico.
	at org.springframework.web.servlet.resource.ResourceHttpRequestHandler.handleRequest(ResourceHttpRequestHandler.java:585) ~[spring-webmvc-6.1.3.jar!/:6.1.3]
	at org.springframework.web.servlet.mvc.HttpRequestHandlerAdapter.handle(HttpRequestHandlerAdapter.java:52) ~[spring-webmvc-6.1.3.jar!/:6.1.3]
	at org.springframework.web.servlet.DispatcherServlet.doDispatch(DispatcherServlet.java:1089) ~[spring-webmvc-6.1.3.jar!/:6.1.3]
	at org.springframework.web.servlet.DispatcherServlet.doService(DispatcherServlet.java:979) ~[spring-webmvc-6.1.3.jar!/:6.1.3]
	at org.springframework.web.servlet.FrameworkServlet.processRequest(FrameworkServlet.java:1014) ~[spring-webmvc-6.1.3.jar!/:6.1.3]
	at org.springframework.web.servlet.FrameworkServlet.doGet(FrameworkServlet.java:903) ~[spring-webmvc-6.1.3.jar!/:6.1.3]
	at jakarta.servlet.http.HttpServlet.service(HttpServlet.java:564) ~[tomcat-embed-core-10.1.18.jar!/:na]
	at org.springframework.web.servlet.FrameworkServlet.service(FrameworkServlet.java:885) ~[spring-webmvc-6.1.3.jar!/:6.1.3]
	at jakarta.servlet.http.HttpServlet.service(HttpServlet.java:658) ~[tomcat-embed-core-10.1.18.jar!/:na]
	at org.apache.catalina.core.ApplicationFilterChain.internalDoFilter(ApplicationFilterChain.java:205) ~[tomcat-embed-core-10.1.18.jar!/:na]
	at org.apache.catalina.core.ApplicationFilterChain.doFilter(ApplicationFilterChain.java:149) ~[tomcat-embed-core-10.1.18.jar!/:na]
	at org.apache.tomcat.websocket.server.WsFilter.doFilter(WsFilter.java:51) ~[tomcat-embed-websocket-10.1.18.jar!/:na]
	at org.apache.catalina.core.ApplicationFilterChain.internalDoFilter(ApplicationFilterChain.java:174) ~[tomcat-embed-core-10.1.18.jar!/:na]
	at org.apache.catalina.core.ApplicationFilterChain.doFilter(ApplicationFilterChain.java:149) ~[tomcat-embed-core-10.1.18.jar!/:na]
	at org.springframework.web.filter.OncePerRequestFilter.doFilter(OncePerRequestFilter.java:110) ~[spring-web-6.1.3.jar!/:6.1.3]
	at org.apache.catalina.core.ApplicationFilterChain.internalDoFilter(ApplicationFilterChain.java:174) ~[tomcat-embed-core-10.1.18.jar!/:na]
	at org.apache.catalina.core.ApplicationFilterChain.doFilter(ApplicationFilterChain.java:149) ~[tomcat-embed-core-10.1.18.jar!/:na]
	at org.springframework.web.filter.OncePerRequestFilter.doFilter(OncePerRequestFilter.java:110) ~[spring-web-6.1.3.jar!/:6.1.3]
	at org.apache.catalina.core.ApplicationFilterChain.internalDoFilter(ApplicationFilterChain.java:174) ~[tomcat-embed-core-10.1.18.jar!/:na]
	at org.apache.catalina.core.ApplicationFilterChain.doFilter(ApplicationFilterChain.java:149) ~[tomcat-embed-core-10.1.18.jar!/:na]
	at org.springframework.web.filter.CompositeFilter$VirtualFilterChain.doFilter(CompositeFilter.java:108) ~[spring-web-6.1.3.jar!/:6.1.3]
	at org.springframework.security.web.FilterChainProxy.lambda$doFilterInternal$3(FilterChainProxy.java:231) ~[spring-security-web-6.2.1.jar!/:6.2.1]
	at org.springframework.security.web.FilterChainProxy$VirtualFilterChain.doFilter(FilterChainProxy.java:365) ~[spring-security-web-6.2.1.jar!/:6.2.1]
	at org.springframework.security.web.access.intercept.AuthorizationFilter.doFilter(AuthorizationFilter.java:100) ~[spring-security-web-6.2.1.jar!/:6.2.1]
	at org.springframework.security.web.FilterChainProxy$VirtualFilterChain.doFilter(FilterChainProxy.java:374) ~[spring-security-web-6.2.1.jar!/:6.2.1]
	at org.springframework.security.web.access.ExceptionTranslationFilter.doFilter(ExceptionTranslationFilter.java:126) ~[spring-security-web-6.2.1.jar!/:6.2.1]
	at org.springframework.security.web.access.ExceptionTranslationFilter.doFilter(ExceptionTranslationFilter.java:120) ~[spring-security-web-6.2.1.jar!/:6.2.1]
	at org.springframework.security.web.FilterChainProxy$VirtualFilterChain.doFilter(FilterChainProxy.java:374) ~[spring-security-web-6.2.1.jar!/:6.2.1]
	at org.springframework.security.web.session.SessionManagementFilter.doFilter(SessionManagementFilter.java:131) ~[spring-security-web-6.2.1.jar!/:6.2.1]
	at org.springframework.security.web.session.SessionManagementFilter.doFilter(SessionManagementFilter.java:85) ~[spring-security-web-6.2.1.jar!/:6.2.1]
	at org.springframework.security.web.FilterChainProxy$VirtualFilterChain.doFilter(FilterChainProxy.java:374) ~[spring-security-web-6.2.1.jar!/:6.2.1]
	at org.springframework.security.web.authentication.AnonymousAuthenticationFilter.doFilter(AnonymousAuthenticationFilter.java:100) ~[spring-security-web-6.2.1.jar!/:6.2.1]
	at org.springframework.security.web.FilterChainProxy$VirtualFilterChain.doFilter(FilterChainProxy.java:374) ~[spring-security-web-6.2.1.jar!/:6.2.1]
	at org.springframework.security.web.servletapi.SecurityContextHolderAwareRequestFilter.doFilter(SecurityContextHolderAwareRequestFilter.java:179) ~[spring-security-web-6.2.1.jar!/:6.2.1]
	at org.springframework.security.web.FilterChainProxy$VirtualFilterChain.doFilter(FilterChainProxy.java:374) ~[spring-security-web-6.2.1.jar!/:6.2.1]
	at org.springframework.security.web.savedrequest.RequestCacheAwareFilter.doFilter(RequestCacheAwareFilter.java:63) ~[spring-security-web-6.2.1.jar!/:6.2.1]
	at org.springframework.security.web.FilterChainProxy$VirtualFilterChain.doFilter(FilterChainProxy.java:374) ~[spring-security-web-6.2.1.jar!/:6.2.1]
	at com.educore.security.JwtAuthenticationFilter.doFilterInternal(JwtAuthenticationFilter.java:43) ~[!/:0.0.1-SNAPSHOT]
	at org.springframework.web.filter.OncePerRequestFilter.doFilter(OncePerRequestFilter.java:116) ~[spring-web-6.1.3.jar!/:6.1.3]
	at org.springframework.security.web.FilterChainProxy$VirtualFilterChain.doFilter(FilterChainProxy.java:374) ~[spring-security-web-6.2.1.jar!/:6.2.1]
	at com.educore.security.ratelimit.RateLimitFilter.doFilterInternal(RateLimitFilter.java:80) ~[!/:0.0.1-SNAPSHOT]
	at org.springframework.web.filter.OncePerRequestFilter.doFilter(OncePerRequestFilter.java:116) ~[spring-web-6.1.3.jar!/:6.1.3]
	at org.springframework.security.web.FilterChainProxy$VirtualFilterChain.doFilter(FilterChainProxy.java:374) ~[spring-security-web-6.2.1.jar!/:6.2.1]
	at org.springframework.security.web.authentication.logout.LogoutFilter.doFilter(LogoutFilter.java:107) ~[spring-security-web-6.2.1.jar!/:6.2.1]
	at org.springframework.security.web.authentication.logout.LogoutFilter.doFilter(LogoutFilter.java:93) ~[spring-security-web-6.2.1.jar!/:6.2.1]
	at org.springframework.security.web.FilterChainProxy$VirtualFilterChain.doFilter(FilterChainProxy.java:374) ~[spring-security-web-6.2.1.jar!/:6.2.1]
	at org.springframework.web.filter.CorsFilter.doFilterInternal(CorsFilter.java:91) ~[spring-web-6.1.3.jar!/:6.1.3]
	at org.springframework.web.filter.OncePerRequestFilter.doFilter(OncePerRequestFilter.java:116) ~[spring-web-6.1.3.jar!/:6.1.3]
	at org.springframework.security.web.FilterChainProxy$VirtualFilterChain.doFilter(FilterChainProxy.java:374) ~[spring-security-web-6.2.1.jar!/:6.2.1]
	at org.springframework.security.web.header.HeaderWriterFilter.doHeadersAfter(HeaderWriterFilter.java:90) ~[spring-security-web-6.2.1.jar!/:6.2.1]
	at org.springframework.security.web.header.HeaderWriterFilter.doFilterInternal(HeaderWriterFilter.java:75) ~[spring-security-web-6.2.1.jar!/:6.2.1]
	at org.springframework.web.filter.OncePerRequestFilter.doFilter(OncePerRequestFilter.java:116) ~[spring-web-6.1.3.jar!/:6.1.3]
	at org.springframework.security.web.FilterChainProxy$VirtualFilterChain.doFilter(FilterChainProxy.java:374) ~[spring-security-web-6.2.1.jar!/:6.2.1]
	at org.springframework.security.web.context.SecurityContextHolderFilter.doFilter(SecurityContextHolderFilter.java:82) ~[spring-security-web-6.2.1.jar!/:6.2.1]
	at org.springframework.security.web.context.SecurityContextHolderFilter.doFilter(SecurityContextHolderFilter.java:69) ~[spring-security-web-6.2.1.jar!/:6.2.1]
	at org.springframework.security.web.FilterChainProxy$VirtualFilterChain.doFilter(FilterChainProxy.java:374) ~[spring-security-web-6.2.1.jar!/:6.2.1]
	at org.springframework.security.web.context.request.async.WebAsyncManagerIntegrationFilter.doFilterInternal(WebAsyncManagerIntegrationFilter.java:62) ~[spring-security-web-6.2.1.jar!/:6.2.1]
	at org.springframework.web.filter.OncePerRequestFilter.doFilter(OncePerRequestFilter.java:116) ~[spring-web-6.1.3.jar!/:6.1.3]
	at org.springframework.security.web.FilterChainProxy$VirtualFilterChain.doFilter(FilterChainProxy.java:374) ~[spring-security-web-6.2.1.jar!/:6.2.1]
	at org.springframework.security.web.session.DisableEncodeUrlFilter.doFilterInternal(DisableEncodeUrlFilter.java:42) ~[spring-security-web-6.2.1.jar!/:6.2.1]
	at org.springframework.web.filter.OncePerRequestFilter.doFilter(OncePerRequestFilter.java:116) ~[spring-web-6.1.3.jar!/:6.1.3]
	at org.springframework.security.web.FilterChainProxy$VirtualFilterChain.doFilter(FilterChainProxy.java:374) ~[spring-security-web-6.2.1.jar!/:6.2.1]
	at org.springframework.security.web.FilterChainProxy.doFilterInternal(FilterChainProxy.java:233) ~[spring-security-web-6.2.1.jar!/:6.2.1]
	at org.springframework.security.web.FilterChainProxy.doFilter(FilterChainProxy.java:191) ~[spring-security-web-6.2.1.jar!/:6.2.1]
	at org.springframework.web.filter.CompositeFilter$VirtualFilterChain.doFilter(CompositeFilter.java:113) ~[spring-web-6.1.3.jar!/:6.1.3]
	at org.springframework.web.servlet.handler.HandlerMappingIntrospector.lambda$createCacheFilter$3(HandlerMappingIntrospector.java:195) ~[spring-webmvc-6.1.3.jar!/:6.1.3]
	at org.springframework.web.filter.CompositeFilter$VirtualFilterChain.doFilter(CompositeFilter.java:113) ~[spring-web-6.1.3.jar!/:6.1.3]
	at org.springframework.web.filter.CompositeFilter.doFilter(CompositeFilter.java:74) ~[spring-web-6.1.3.jar!/:6.1.3]
	at org.springframework.security.config.annotation.web.configuration.WebMvcSecurityConfiguration$CompositeFilterChainProxy.doFilter(WebMvcSecurityConfiguration.java:225) ~[spring-security-config-6.2.1.jar!/:6.2.1]
	at org.springframework.web.filter.DelegatingFilterProxy.invokeDelegate(DelegatingFilterProxy.java:352) ~[spring-web-6.1.3.jar!/:6.1.3]
	at org.springframework.web.filter.DelegatingFilterProxy.doFilter(DelegatingFilterProxy.java:268) ~[spring-web-6.1.3.jar!/:6.1.3]
	at org.apache.catalina.core.ApplicationFilterChain.internalDoFilter(ApplicationFilterChain.java:174) ~[tomcat-embed-core-10.1.18.jar!/:na]
	at org.apache.catalina.core.ApplicationFilterChain.doFilter(ApplicationFilterChain.java:149) ~[tomcat-embed-core-10.1.18.jar!/:na]
	at org.springframework.web.filter.RequestContextFilter.doFilterInternal(RequestContextFilter.java:100) ~[spring-web-6.1.3.jar!/:6.1.3]
	at org.springframework.web.filter.OncePerRequestFilter.doFilter(OncePerRequestFilter.java:116) ~[spring-web-6.1.3.jar!/:6.1.3]
	at org.apache.catalina.core.ApplicationFilterChain.internalDoFilter(ApplicationFilterChain.java:174) ~[tomcat-embed-core-10.1.18.jar!/:na]
	at org.apache.catalina.core.ApplicationFilterChain.doFilter(ApplicationFilterChain.java:149) ~[tomcat-embed-core-10.1.18.jar!/:na]
	at org.springframework.web.filter.FormContentFilter.doFilterInternal(FormContentFilter.java:93) ~[spring-web-6.1.3.jar!/:6.1.3]
	at org.springframework.web.filter.OncePerRequestFilter.doFilter(OncePerRequestFilter.java:116) ~[spring-web-6.1.3.jar!/:6.1.3]
	at org.apache.catalina.core.ApplicationFilterChain.internalDoFilter(ApplicationFilterChain.java:174) ~[tomcat-embed-core-10.1.18.jar!/:na]
	at org.apache.catalina.core.ApplicationFilterChain.doFilter(ApplicationFilterChain.java:149) ~[tomcat-embed-core-10.1.18.jar!/:na]
	at org.springframework.web.filter.CharacterEncodingFilter.doFilterInternal(CharacterEncodingFilter.java:201) ~[spring-web-6.1.3.jar!/:6.1.3]
	at org.springframework.web.filter.OncePerRequestFilter.doFilter(OncePerRequestFilter.java:116) ~[spring-web-6.1.3.jar!/:6.1.3]
	at org.apache.catalina.core.ApplicationFilterChain.internalDoFilter(ApplicationFilterChain.java:174) ~[tomcat-embed-core-10.1.18.jar!/:na]
	at org.apache.catalina.core.ApplicationFilterChain.doFilter(ApplicationFilterChain.java:149) ~[tomcat-embed-core-10.1.18.jar!/:na]
	at org.apache.catalina.core.StandardWrapperValve.invoke(StandardWrapperValve.java:167) ~[tomcat-embed-core-10.1.18.jar!/:na]
	at org.apache.catalina.core.StandardContextValve.invoke(StandardContextValve.java:90) ~[tomcat-embed-core-10.1.18.jar!/:na]
	at org.apache.catalina.authenticator.AuthenticatorBase.invoke(AuthenticatorBase.java:482) ~[tomcat-embed-core-10.1.18.jar!/:na]
	at org.apache.catalina.core.StandardHostValve.invoke(StandardHostValve.java:115) ~[tomcat-embed-core-10.1.18.jar!/:na]
	at org.apache.catalina.valves.ErrorReportValve.invoke(ErrorReportValve.java:93) ~[tomcat-embed-core-10.1.18.jar!/:na]
	at org.apache.catalina.core.StandardEngineValve.invoke(StandardEngineValve.java:74) ~[tomcat-embed-core-10.1.18.jar!/:na]
	at org.apache.catalina.connector.CoyoteAdapter.service(CoyoteAdapter.java:340) ~[tomcat-embed-core-10.1.18.jar!/:na]
	at org.apache.coyote.http11.Http11Processor.service(Http11Processor.java:391) ~[tomcat-embed-core-10.1.18.jar!/:na]
	at org.apache.coyote.AbstractProcessorLight.process(AbstractProcessorLight.java:63) ~[tomcat-embed-core-10.1.18.jar!/:na]
	at org.apache.coyote.AbstractProtocol$ConnectionHandler.process(AbstractProtocol.java:896) ~[tomcat-embed-core-10.1.18.jar!/:na]
	at org.apache.tomcat.util.net.NioEndpoint$SocketProcessor.doRun(NioEndpoint.java:1744) ~[tomcat-embed-core-10.1.18.jar!/:na]
	at org.apache.tomcat.util.net.SocketProcessorBase.run(SocketProcessorBase.java:52) ~[tomcat-embed-core-10.1.18.jar!/:na]
	at org.apache.tomcat.util.threads.ThreadPoolExecutor.runWorker(ThreadPoolExecutor.java:1191) ~[tomcat-embed-core-10.1.18.jar!/:na]
	at org.apache.tomcat.util.threads.ThreadPoolExecutor$Worker.run(ThreadPoolExecutor.java:659) ~[tomcat-embed-core-10.1.18.jar!/:na]
	at org.apache.tomcat.util.threads.TaskThread$WrappingRunnable.run(TaskThread.java:61) ~[tomcat-embed-core-10.1.18.jar!/:na]
	at java.base/java.lang.Thread.run(Thread.java:840) ~[na:na]

